------------------------------------------------------------------------------------------------------------------------

[2017-11-10 12:58:41 #1 store] 
Database '/Users/aitor/Desktop/EclipseWorkspace/WSRuralHouse-2017/resources\ruralHouses.odb' is opened by 4642@MacBook-Pro-de-Aitor.local

[2017-11-10 12:59:09 #2 type.registry] 
New type domain.User

[2017-11-10 12:59:09 #3 type] 
Type domain.User is not enhanced.

[2017-11-10 12:59:09 #4 type.registry] 
New type twitter4j.TwitterProfile

[2017-11-10 12:59:09 #5 type.registry] 
New type domain.Offer

[2017-11-10 12:59:09 #6 type.registry] 
New type java.util.Vector<domain.Offer>

[2017-11-10 12:59:09 #7 type.registry] 
New type domain.Reserva

[2017-11-10 12:59:09 #8 type.registry] 
New type java.util.Vector<domain.Reserva>

[2017-11-10 12:59:09 #9 type.registry] 
New type domain.RuralHouse

[2017-11-10 12:59:09 #10 type.registry] 
New type java.util.Vector<domain.RuralHouse>

[2017-11-10 12:59:09 #11 type] 
Type twitter4j.TwitterProfile is not enhanced.

[2017-11-10 12:59:09 #12 type] 
Type domain.Offer is not enhanced.

[2017-11-10 12:59:09 #13 type] 
Type domain.Reserva is not enhanced.

[2017-11-10 12:59:09 #14 type] 
Type domain.RuralHouse is not enhanced.

[2017-11-10 12:59:09 #15 type.registry] 
New type java.util.Vector<java.lang.String>

[2017-11-10 12:59:38 #16 type.registry] 
New type java.util.Vector<java.lang.Object>

[2017-11-10 12:59:44 #17 type.registry] 
New type java.util.ArrayList<java.lang.Object>

------------------------------------------------------------------------------------------------------------------------

[2017-11-10 18:17:36 #1 store] 
Database '/Users/aitor/Desktop/EclipseWorkspace/WSRuralHouse-2017/resources\ruralHouses.odb' has been recovered (tr. 1-6)

[2017-11-10 18:17:41 #2 store] 
Database '/Users/aitor/Desktop/EclipseWorkspace/WSRuralHouse-2017/resources\ruralHouses.odb' is opened by 4806@MacBook-Pro-de-Aitor.local

[2017-11-10 18:17:41 #3 type] 
Type domain.User is not enhanced.

[2017-11-10 18:17:41 #4 type] 
Type twitter4j.TwitterProfile is not enhanced.

[2017-11-10 18:17:41 #5 type] 
Type domain.Offer is not enhanced.

[2017-11-10 18:17:41 #6 type] 
Type domain.Reserva is not enhanced.

[2017-11-10 18:17:41 #7 type] 
Type domain.RuralHouse is not enhanced.

------------------------------------------------------------------------------------------------------------------------

[2017-11-10 21:42:44 #1 store] 
Database 'C:\Users\Asier\Desktop\CasasRurales\WSRuralHouse-2017\resources\ruralHouses.odb' is opened by 4496@DESKTOP-P4LI5RO

[2017-11-10 21:42:44 #2 type] 
Type domain.User is not enhanced.

[2017-11-10 21:42:44 #3 type] 
Type twitter4j.TwitterProfile is not enhanced.

[2017-11-10 21:42:44 #4 type] 
Type domain.Offer is not enhanced.

[2017-11-10 21:42:44 #5 type] 
Type domain.Reserva is not enhanced.

[2017-11-10 21:42:44 #6 type] 
Type domain.RuralHouse is not enhanced.

------------------------------------------------------------------------------------------------------------------------

[2017-11-10 21:44:16 #1 store] 
Database 'C:\Users\Asier\Desktop\CasasRurales\WSRuralHouse-2017\resources\ruralHouses.odb' has been recovered (tr. 7-10)

[2017-11-10 21:44:16 #2 store] 
Database 'C:\Users\Asier\Desktop\CasasRurales\WSRuralHouse-2017\resources\ruralHouses.odb' is opened by 14612@DESKTOP-P4LI5RO

[2017-11-10 21:44:16 #3 type] 
Type domain.User is not enhanced.

[2017-11-10 21:44:16 #4 type] 
Type twitter4j.TwitterProfile is not enhanced.

[2017-11-10 21:44:16 #5 type] 
Type domain.Offer is not enhanced.

[2017-11-10 21:44:16 #6 type] 
Type domain.Reserva is not enhanced.

[2017-11-10 21:44:16 #7 type] 
Type domain.RuralHouse is not enhanced.

------------------------------------------------------------------------------------------------------------------------

[2017-11-10 22:09:50 #1 store] 
Database 'C:\Users\Asier\Desktop\CasasRurales\WSRuralHouse-2017\resources\ruralHouses.odb' has been recovered (tr. 11-13)

[2017-11-10 22:09:50 #2 store] 
Database 'C:\Users\Asier\Desktop\CasasRurales\WSRuralHouse-2017\resources\ruralHouses.odb' is opened by 8104@DESKTOP-P4LI5RO

[2017-11-10 22:09:50 #3 type] 
Type domain.User is not enhanced.

[2017-11-10 22:09:50 #4 type] 
Type twitter4j.TwitterProfile is not enhanced.

[2017-11-10 22:09:50 #5 type] 
Type domain.Offer is not enhanced.

[2017-11-10 22:09:50 #6 type] 
Type domain.Reserva is not enhanced.

[2017-11-10 22:09:50 #7 type] 
Type domain.RuralHouse is not enhanced.

------------------------------------------------------------------------------------------------------------------------

[2017-11-10 22:13:06 #1 store] 
Database 'C:\Users\Asier\Desktop\CasasRurales\WSRuralHouse-2017\resources\ruralHouses.odb' is opened by 19916@DESKTOP-P4LI5RO

[2017-11-10 22:13:06 #2 type] 
Type domain.User is not enhanced.

[2017-11-10 22:13:06 #3 type] 
Type twitter4j.TwitterProfile is not enhanced.

[2017-11-10 22:13:06 #4 type] 
Type domain.Offer is not enhanced.

[2017-11-10 22:13:06 #5 type] 
Type domain.Reserva is not enhanced.

[2017-11-10 22:13:06 #6 type] 
Type domain.RuralHouse is not enhanced.

------------------------------------------------------------------------------------------------------------------------

[2017-11-10 22:13:53 #1 store] 
Database 'C:\Users\Asier\Desktop\CasasRurales\WSRuralHouse-2017\resources\ruralHouses.odb' is opened by 18864@DESKTOP-P4LI5RO

[2017-11-10 22:13:53 #2 type] 
Type domain.User is not enhanced.

[2017-11-10 22:13:53 #3 type] 
Type twitter4j.TwitterProfile is not enhanced.

[2017-11-10 22:13:53 #4 type] 
Type domain.Offer is not enhanced.

[2017-11-10 22:13:53 #5 type] 
Type domain.Reserva is not enhanced.

[2017-11-10 22:13:53 #6 type] 
Type domain.RuralHouse is not enhanced.

------------------------------------------------------------------------------------------------------------------------

[2017-11-10 22:15:30 #1 store] 
Database 'C:\Users\Asier\Desktop\CasasRurales\WSRuralHouse-2017\resources\ruralHouses.odb' is opened by 11316@DESKTOP-P4LI5RO

[2017-11-10 22:15:30 #2 type] 
Type domain.User is not enhanced.

[2017-11-10 22:15:30 #3 type] 
Type twitter4j.TwitterProfile is not enhanced.

[2017-11-10 22:15:30 #4 type] 
Type domain.Offer is not enhanced.

[2017-11-10 22:15:30 #5 type] 
Type domain.Reserva is not enhanced.

[2017-11-10 22:15:30 #6 type] 
Type domain.RuralHouse is not enhanced.

------------------------------------------------------------------------------------------------------------------------

[2017-11-10 22:16:35 #1 store] 
Database 'C:\Users\Asier\Desktop\CasasRurales\WSRuralHouse-2017\resources\ruralHouses.odb' is opened by 22320@DESKTOP-P4LI5RO

[2017-11-10 22:16:35 #2 type] 
Type domain.User is not enhanced.

[2017-11-10 22:16:35 #3 type] 
Type twitter4j.TwitterProfile is not enhanced.

[2017-11-10 22:16:35 #4 type] 
Type domain.Offer is not enhanced.

[2017-11-10 22:16:35 #5 type] 
Type domain.Reserva is not enhanced.

[2017-11-10 22:16:35 #6 type] 
Type domain.RuralHouse is not enhanced.

------------------------------------------------------------------------------------------------------------------------

[2017-11-10 22:16:53 #1 store] 
Database 'C:\Users\Asier\Desktop\CasasRurales\WSRuralHouse-2017\resources\ruralHouses.odb' is opened by 18100@DESKTOP-P4LI5RO

[2017-11-10 22:16:53 #2 type] 
Type domain.User is not enhanced.

[2017-11-10 22:16:53 #3 type] 
Type twitter4j.TwitterProfile is not enhanced.

[2017-11-10 22:16:53 #4 type] 
Type domain.Offer is not enhanced.

[2017-11-10 22:16:53 #5 type] 
Type domain.Reserva is not enhanced.

[2017-11-10 22:16:53 #6 type] 
Type domain.RuralHouse is not enhanced.

------------------------------------------------------------------------------------------------------------------------

[2017-11-10 22:19:48 #1 store] 
Database 'C:\Users\Asier\Desktop\CasasRurales\WSRuralHouse-2017\resources\ruralHouses.odb' is opened by 14172@DESKTOP-P4LI5RO

[2017-11-10 22:19:49 #2 type] 
Type domain.User is not enhanced.

[2017-11-10 22:19:49 #3 type] 
Type twitter4j.TwitterProfile is not enhanced.

[2017-11-10 22:19:49 #4 type] 
Type domain.Offer is not enhanced.

[2017-11-10 22:19:49 #5 type] 
Type domain.Reserva is not enhanced.

[2017-11-10 22:19:49 #6 type] 
Type domain.RuralHouse is not enhanced.

------------------------------------------------------------------------------------------------------------------------

[2017-11-10 22:20:05 #1 store] 
Database 'C:\Users\Asier\Desktop\CasasRurales\WSRuralHouse-2017\resources\ruralHouses.odb' is opened by 8644@DESKTOP-P4LI5RO

[2017-11-10 22:20:05 #2 type] 
Type domain.User is not enhanced.

[2017-11-10 22:20:05 #3 type] 
Type twitter4j.TwitterProfile is not enhanced.

[2017-11-10 22:20:05 #4 type] 
Type domain.Offer is not enhanced.

[2017-11-10 22:20:05 #5 type] 
Type domain.Reserva is not enhanced.

[2017-11-10 22:20:05 #6 type] 
Type domain.RuralHouse is not enhanced.

------------------------------------------------------------------------------------------------------------------------

[2017-11-10 22:20:20 #1 store] 
Database 'C:\Users\Asier\Desktop\CasasRurales\WSRuralHouse-2017\resources\ruralHouses.odb' is opened by 13432@DESKTOP-P4LI5RO

[2017-11-10 22:20:20 #2 type] 
Type domain.User is not enhanced.

[2017-11-10 22:20:20 #3 type] 
Type twitter4j.TwitterProfile is not enhanced.

[2017-11-10 22:20:20 #4 type] 
Type domain.Offer is not enhanced.

[2017-11-10 22:20:20 #5 type] 
Type domain.Reserva is not enhanced.

[2017-11-10 22:20:21 #6 type] 
Type domain.RuralHouse is not enhanced.

------------------------------------------------------------------------------------------------------------------------

[2017-11-10 22:21:32 #1 store] 
Database 'C:\Users\Asier\Desktop\CasasRurales\WSRuralHouse-2017\resources\ruralHouses.odb' is opened by 19460@DESKTOP-P4LI5RO

[2017-11-10 22:21:32 #2 type] 
Type domain.User is not enhanced.

[2017-11-10 22:21:32 #3 type] 
Type twitter4j.TwitterProfile is not enhanced.

[2017-11-10 22:21:32 #4 type] 
Type domain.Offer is not enhanced.

[2017-11-10 22:21:32 #5 type] 
Type domain.Reserva is not enhanced.

[2017-11-10 22:21:32 #6 type] 
Type domain.RuralHouse is not enhanced.

