------------------------------------------------------------------------------------------------------------------------

[2017-11-11 11:16:28 #1 store] 
Database '/Users/aitor/Desktop/EclipseWorkspace/WSRuralHouse-2017/resources\ruralHouses.odb' is opened by 5356@MacBook-Pro-de-Aitor.local

[2017-11-11 11:16:29 #2 type] 
Type domain.User is not enhanced.

[2017-11-11 11:16:29 #3 type] 
Type twitter4j.TwitterProfile is not enhanced.

[2017-11-11 11:16:29 #4 type] 
Type domain.Offer is not enhanced.

[2017-11-11 11:16:29 #5 type] 
Type domain.Reserva is not enhanced.

[2017-11-11 11:16:29 #6 type] 
Type domain.RuralHouse is not enhanced.

[2017-11-11 11:16:29 #7 type.registry] 
New type businessLogic.Subject

[2017-11-11 11:16:29 #8 type.registry] 
New type businessLogic.AlertRH

------------------------------------------------------------------------------------------------------------------------

[2017-11-11 11:18:01 #1 store] 
Database '/Users/aitor/Desktop/EclipseWorkspace/WSRuralHouse-2017/resources\ruralHouses.odb' has been recovered (tr. 14-14)

[2017-11-11 11:18:06 #2 store] 
Database '/Users/aitor/Desktop/EclipseWorkspace/WSRuralHouse-2017/resources\ruralHouses.odb' is opened by 5359@MacBook-Pro-de-Aitor.local

[2017-11-11 11:18:06 #3 type] 
Type domain.User is not enhanced.

[2017-11-11 11:18:06 #4 type] 
Type twitter4j.TwitterProfile is not enhanced.

[2017-11-11 11:18:06 #5 type] 
Type domain.Offer is not enhanced.

[2017-11-11 11:18:06 #6 type] 
Type domain.Reserva is not enhanced.

[2017-11-11 11:18:06 #7 type] 
Type domain.RuralHouse is not enhanced.

------------------------------------------------------------------------------------------------------------------------

[2017-11-11 11:19:35 #1 store] 
Database '/Users/aitor/Desktop/EclipseWorkspace/WSRuralHouse-2017/resources\ruralHouses.odb' is opened by 5361@MacBook-Pro-de-Aitor.local

[2017-11-11 11:19:35 #2 type] 
Type domain.User is not enhanced.

[2017-11-11 11:19:35 #3 type] 
Type twitter4j.TwitterProfile is not enhanced.

[2017-11-11 11:19:35 #4 type] 
Type domain.Offer is not enhanced.

[2017-11-11 11:19:35 #5 type] 
Type domain.Reserva is not enhanced.

[2017-11-11 11:19:35 #6 type] 
Type domain.RuralHouse is not enhanced.

------------------------------------------------------------------------------------------------------------------------

[2017-11-11 11:20:05 #1 store] 
Database '/Users/aitor/Desktop/EclipseWorkspace/WSRuralHouse-2017/resources\ruralHouses.odb' is opened by 5363@MacBook-Pro-de-Aitor.local

[2017-11-11 11:20:06 #2 type] 
Type domain.User is not enhanced.

[2017-11-11 11:20:06 #3 type] 
Type twitter4j.TwitterProfile is not enhanced.

[2017-11-11 11:20:06 #4 type] 
Type domain.Offer is not enhanced.

[2017-11-11 11:20:06 #5 type] 
Type domain.Reserva is not enhanced.

[2017-11-11 11:20:06 #6 type] 
Type domain.RuralHouse is not enhanced.

------------------------------------------------------------------------------------------------------------------------

[2017-11-11 11:58:43 #1 store] 
Database '/Users/aitor/Desktop/EclipseWorkspace/WSRuralHouse-2017/resources\ruralHouses.odb' is opened by 5407@MacBook-Pro-de-Aitor.local

[2017-11-11 11:58:43 #2 type] 
Type domain.User is not enhanced.

[2017-11-11 11:58:43 #3 type] 
Type twitter4j.TwitterProfile is not enhanced.

[2017-11-11 11:58:43 #4 type] 
Type domain.Offer is not enhanced.

[2017-11-11 11:58:43 #5 type] 
Type domain.Reserva is not enhanced.

[2017-11-11 11:58:43 #6 type] 
Type domain.RuralHouse is not enhanced.

------------------------------------------------------------------------------------------------------------------------

[2017-11-11 12:03:13 #1 store] 
Database '/Users/aitor/Desktop/EclipseWorkspace/WSRuralHouse-2017/resources\ruralHouses.odb' is opened by 5409@MacBook-Pro-de-Aitor.local

[2017-11-11 12:03:13 #2 type] 
Type domain.User is not enhanced.

[2017-11-11 12:03:13 #3 type] 
Type twitter4j.TwitterProfile is not enhanced.

[2017-11-11 12:03:13 #4 type] 
Type domain.Offer is not enhanced.

[2017-11-11 12:03:13 #5 type] 
Type domain.Reserva is not enhanced.

[2017-11-11 12:03:13 #6 type] 
Type domain.RuralHouse is not enhanced.

------------------------------------------------------------------------------------------------------------------------

[2017-11-11 12:04:26 #1 store] 
Database '/Users/aitor/Desktop/EclipseWorkspace/WSRuralHouse-2017/resources\ruralHouses.odb' is opened by 5411@MacBook-Pro-de-Aitor.local

[2017-11-11 12:04:26 #2 type] 
Type domain.User is not enhanced.

[2017-11-11 12:04:26 #3 type] 
Type twitter4j.TwitterProfile is not enhanced.

[2017-11-11 12:04:26 #4 type] 
Type domain.Offer is not enhanced.

[2017-11-11 12:04:26 #5 type] 
Type domain.Reserva is not enhanced.

[2017-11-11 12:04:26 #6 type] 
Type domain.RuralHouse is not enhanced.

------------------------------------------------------------------------------------------------------------------------

[2017-11-11 12:17:17 #1 store] 
Database '/Users/aitor/Desktop/EclipseWorkspace/WSRuralHouse-2017/resources\ruralHouses.odb' is opened by 5421@MacBook-Pro-de-Aitor.local

[2017-11-11 12:17:17 #2 type] 
Type domain.User is not enhanced.

[2017-11-11 12:17:17 #3 type] 
Type twitter4j.TwitterProfile is not enhanced.

[2017-11-11 12:17:17 #4 type] 
Type domain.Offer is not enhanced.

[2017-11-11 12:17:17 #5 type] 
Type domain.Reserva is not enhanced.

[2017-11-11 12:17:17 #6 type] 
Type domain.RuralHouse is not enhanced.

------------------------------------------------------------------------------------------------------------------------

[2017-11-11 12:23:51 #1 store] 
Database '/Users/aitor/Desktop/EclipseWorkspace/WSRuralHouse-2017/resources\ruralHouses.odb' is opened by 5430@MacBook-Pro-de-Aitor.local

[2017-11-11 12:23:51 #2 type] 
Type domain.User is not enhanced.

[2017-11-11 12:23:51 #3 type] 
Type twitter4j.TwitterProfile is not enhanced.

[2017-11-11 12:23:51 #4 type] 
Type domain.Offer is not enhanced.

[2017-11-11 12:23:51 #5 type] 
Type domain.Reserva is not enhanced.

[2017-11-11 12:23:51 #6 type] 
Type domain.RuralHouse is not enhanced.

------------------------------------------------------------------------------------------------------------------------

[2017-11-11 12:24:50 #1 store] 
Database '/Users/aitor/Desktop/EclipseWorkspace/WSRuralHouse-2017/resources\ruralHouses.odb' is opened by 5434@MacBook-Pro-de-Aitor.local

[2017-11-11 12:24:50 #2 type] 
Type domain.User is not enhanced.

[2017-11-11 12:24:50 #3 type] 
Type twitter4j.TwitterProfile is not enhanced.

[2017-11-11 12:24:50 #4 type] 
Type domain.Offer is not enhanced.

[2017-11-11 12:24:50 #5 type] 
Type domain.Reserva is not enhanced.

[2017-11-11 12:24:50 #6 type] 
Type domain.RuralHouse is not enhanced.

------------------------------------------------------------------------------------------------------------------------

[2017-11-11 12:26:11 #1 store] 
Database '/Users/aitor/Desktop/EclipseWorkspace/WSRuralHouse-2017/resources\ruralHouses.odb' is opened by 5436@MacBook-Pro-de-Aitor.local

[2017-11-11 12:26:11 #2 type] 
Type domain.User is not enhanced.

[2017-11-11 12:26:11 #3 type] 
Type twitter4j.TwitterProfile is not enhanced.

[2017-11-11 12:26:11 #4 type] 
Type domain.Offer is not enhanced.

[2017-11-11 12:26:11 #5 type] 
Type domain.Reserva is not enhanced.

[2017-11-11 12:26:11 #6 type] 
Type domain.RuralHouse is not enhanced.

------------------------------------------------------------------------------------------------------------------------

[2017-11-11 18:04:47 #1 store] 
Database 'C:\Users\Asier\Desktop\CasasRurales\WSRuralHouse-2017\resources\ruralHouses.odb' is opened by 21372@DESKTOP-P4LI5RO

[2017-11-11 18:04:47 #2 type] 
Type domain.User is not enhanced.

[2017-11-11 18:04:47 #3 type] 
Type twitter4j.TwitterProfile is not enhanced.

[2017-11-11 18:04:47 #4 type] 
Type domain.Offer is not enhanced.

[2017-11-11 18:04:47 #5 type] 
Type domain.Reserva is not enhanced.

[2017-11-11 18:04:47 #6 type] 
Type domain.RuralHouse is not enhanced.

------------------------------------------------------------------------------------------------------------------------

[2017-11-11 18:10:41 #1 store] 
Database 'C:\Users\Asier\Desktop\CasasRurales\WSRuralHouse-2017\resources\ruralHouses.odb' is opened by 5072@DESKTOP-P4LI5RO

[2017-11-11 18:10:41 #2 type] 
Type domain.User is not enhanced.

[2017-11-11 18:10:41 #3 type] 
Type twitter4j.TwitterProfile is not enhanced.

[2017-11-11 18:10:41 #4 type] 
Type domain.Offer is not enhanced.

[2017-11-11 18:10:41 #5 type] 
Type domain.Reserva is not enhanced.

[2017-11-11 18:10:41 #6 type] 
Type domain.RuralHouse is not enhanced.

------------------------------------------------------------------------------------------------------------------------

[2017-11-11 18:11:08 #1 store] 
Database 'C:\Users\Asier\Desktop\CasasRurales\WSRuralHouse-2017\resources\ruralHouses.odb' is opened by 17448@DESKTOP-P4LI5RO

[2017-11-11 18:11:09 #2 type] 
Type domain.User is not enhanced.

[2017-11-11 18:11:09 #3 type] 
Type twitter4j.TwitterProfile is not enhanced.

[2017-11-11 18:11:09 #4 type] 
Type domain.Offer is not enhanced.

[2017-11-11 18:11:09 #5 type] 
Type domain.Reserva is not enhanced.

[2017-11-11 18:11:09 #6 type] 
Type domain.RuralHouse is not enhanced.

------------------------------------------------------------------------------------------------------------------------

[2017-11-11 18:13:33 #1 store] 
Database 'C:\Users\Asier\Desktop\CasasRurales\WSRuralHouse-2017\resources\ruralHouses.odb' is opened by 8044@DESKTOP-P4LI5RO

[2017-11-11 18:13:33 #2 type] 
Type domain.User is not enhanced.

[2017-11-11 18:13:33 #3 type] 
Type twitter4j.TwitterProfile is not enhanced.

[2017-11-11 18:13:33 #4 type] 
Type domain.Offer is not enhanced.

[2017-11-11 18:13:33 #5 type] 
Type domain.Reserva is not enhanced.

[2017-11-11 18:13:33 #6 type] 
Type domain.RuralHouse is not enhanced.

------------------------------------------------------------------------------------------------------------------------

[2017-11-11 18:14:38 #1 store] 
Database 'C:\Users\Asier\Desktop\CasasRurales\WSRuralHouse-2017\resources\ruralHouses.odb' is opened by 20784@DESKTOP-P4LI5RO

[2017-11-11 18:14:38 #2 type] 
Type domain.User is not enhanced.

[2017-11-11 18:14:38 #3 type] 
Type twitter4j.TwitterProfile is not enhanced.

[2017-11-11 18:14:38 #4 type] 
Type domain.Offer is not enhanced.

[2017-11-11 18:14:38 #5 type] 
Type domain.Reserva is not enhanced.

[2017-11-11 18:14:38 #6 type] 
Type domain.RuralHouse is not enhanced.

------------------------------------------------------------------------------------------------------------------------

[2017-11-11 18:15:50 #1 store] 
Database 'C:\Users\Asier\Desktop\CasasRurales\WSRuralHouse-2017\resources\ruralHouses.odb' is opened by 17720@DESKTOP-P4LI5RO

[2017-11-11 18:15:50 #2 type] 
Type domain.User is not enhanced.

[2017-11-11 18:15:50 #3 type] 
Type twitter4j.TwitterProfile is not enhanced.

[2017-11-11 18:15:50 #4 type] 
Type domain.Offer is not enhanced.

[2017-11-11 18:15:50 #5 type] 
Type domain.Reserva is not enhanced.

[2017-11-11 18:15:50 #6 type] 
Type domain.RuralHouse is not enhanced.

------------------------------------------------------------------------------------------------------------------------

[2017-11-11 18:16:03 #1 store] 
Database 'C:\Users\Asier\Desktop\CasasRurales\WSRuralHouse-2017\resources\ruralHouses.odb' is opened by 9452@DESKTOP-P4LI5RO

[2017-11-11 18:16:04 #2 type] 
Type domain.User is not enhanced.

[2017-11-11 18:16:04 #3 type] 
Type twitter4j.TwitterProfile is not enhanced.

[2017-11-11 18:16:04 #4 type] 
Type domain.Offer is not enhanced.

[2017-11-11 18:16:04 #5 type] 
Type domain.Reserva is not enhanced.

[2017-11-11 18:16:04 #6 type] 
Type domain.RuralHouse is not enhanced.

------------------------------------------------------------------------------------------------------------------------

[2017-11-11 18:16:19 #1 store] 
Database 'C:\Users\Asier\Desktop\CasasRurales\WSRuralHouse-2017\resources\ruralHouses.odb' is opened by 14844@DESKTOP-P4LI5RO

[2017-11-11 18:16:19 #2 type] 
Type domain.User is not enhanced.

[2017-11-11 18:16:19 #3 type] 
Type twitter4j.TwitterProfile is not enhanced.

[2017-11-11 18:16:19 #4 type] 
Type domain.Offer is not enhanced.

[2017-11-11 18:16:19 #5 type] 
Type domain.Reserva is not enhanced.

[2017-11-11 18:16:19 #6 type] 
Type domain.RuralHouse is not enhanced.

------------------------------------------------------------------------------------------------------------------------

[2017-11-11 18:16:48 #1 store] 
Database 'C:\Users\Asier\Desktop\CasasRurales\WSRuralHouse-2017\resources\ruralHouses.odb' is opened by 2552@DESKTOP-P4LI5RO

[2017-11-11 18:16:48 #2 type] 
Type domain.User is not enhanced.

[2017-11-11 18:16:48 #3 type] 
Type twitter4j.TwitterProfile is not enhanced.

[2017-11-11 18:16:48 #4 type] 
Type domain.Offer is not enhanced.

[2017-11-11 18:16:48 #5 type] 
Type domain.Reserva is not enhanced.

[2017-11-11 18:16:48 #6 type] 
Type domain.RuralHouse is not enhanced.

------------------------------------------------------------------------------------------------------------------------

[2017-11-11 18:18:52 #1 store] 
Database 'C:\Users\Asier\Desktop\CasasRurales\WSRuralHouse-2017\resources\ruralHouses.odb' is opened by 19584@DESKTOP-P4LI5RO

[2017-11-11 18:18:52 #2 type] 
Type domain.User is not enhanced.

[2017-11-11 18:18:52 #3 type] 
Type twitter4j.TwitterProfile is not enhanced.

[2017-11-11 18:18:52 #4 type] 
Type domain.Offer is not enhanced.

[2017-11-11 18:18:52 #5 type] 
Type domain.Reserva is not enhanced.

[2017-11-11 18:18:52 #6 type] 
Type domain.RuralHouse is not enhanced.

------------------------------------------------------------------------------------------------------------------------

[2017-11-11 18:21:29 #1 store] 
Database 'C:\Users\Asier\Desktop\CasasRurales\WSRuralHouse-2017\resources\ruralHouses.odb' is opened by 21732@DESKTOP-P4LI5RO

[2017-11-11 18:21:29 #2 type] 
Type domain.User is not enhanced.

[2017-11-11 18:21:29 #3 type] 
Type twitter4j.TwitterProfile is not enhanced.

[2017-11-11 18:21:29 #4 type] 
Type domain.Offer is not enhanced.

[2017-11-11 18:21:29 #5 type] 
Type domain.Reserva is not enhanced.

[2017-11-11 18:21:29 #6 type] 
Type domain.RuralHouse is not enhanced.

------------------------------------------------------------------------------------------------------------------------

[2017-11-11 18:22:05 #1 store] 
Database 'C:\Users\Asier\Desktop\CasasRurales\WSRuralHouse-2017\resources\ruralHouses.odb' is opened by 20828@DESKTOP-P4LI5RO

[2017-11-11 18:22:05 #2 type] 
Type domain.User is not enhanced.

[2017-11-11 18:22:05 #3 type] 
Type twitter4j.TwitterProfile is not enhanced.

[2017-11-11 18:22:05 #4 type] 
Type domain.Offer is not enhanced.

[2017-11-11 18:22:05 #5 type] 
Type domain.Reserva is not enhanced.

[2017-11-11 18:22:05 #6 type] 
Type domain.RuralHouse is not enhanced.

------------------------------------------------------------------------------------------------------------------------

[2017-11-11 18:23:28 #1 store] 
Database 'C:\Users\Asier\Desktop\CasasRurales\WSRuralHouse-2017\resources\ruralHouses.odb' is opened by 4188@DESKTOP-P4LI5RO

[2017-11-11 18:23:28 #2 type] 
Type domain.User is not enhanced.

[2017-11-11 18:23:28 #3 type] 
Type twitter4j.TwitterProfile is not enhanced.

[2017-11-11 18:23:28 #4 type] 
Type domain.Offer is not enhanced.

[2017-11-11 18:23:28 #5 type] 
Type domain.Reserva is not enhanced.

[2017-11-11 18:23:28 #6 type] 
Type domain.RuralHouse is not enhanced.

------------------------------------------------------------------------------------------------------------------------

[2017-11-11 18:26:29 #1 store] 
Database 'C:\Users\Asier\Desktop\CasasRurales\WSRuralHouse-2017\resources\ruralHouses.odb' is opened by 9588@DESKTOP-P4LI5RO

[2017-11-11 18:26:29 #2 type] 
Type domain.User is not enhanced.

[2017-11-11 18:26:29 #3 type] 
Type twitter4j.TwitterProfile is not enhanced.

[2017-11-11 18:26:30 #4 type] 
Type domain.Offer is not enhanced.

[2017-11-11 18:26:30 #5 type] 
Type domain.Reserva is not enhanced.

[2017-11-11 18:26:30 #6 type] 
Type domain.RuralHouse is not enhanced.

------------------------------------------------------------------------------------------------------------------------

[2017-11-11 18:31:43 #1 store] 
Database 'C:\Users\Asier\Desktop\CasasRurales\WSRuralHouse-2017\resources\ruralHouses.odb' is opened by 21328@DESKTOP-P4LI5RO

[2017-11-11 18:31:43 #2 type] 
Type domain.User is not enhanced.

[2017-11-11 18:31:43 #3 type] 
Type twitter4j.TwitterProfile is not enhanced.

[2017-11-11 18:31:43 #4 type] 
Type domain.Offer is not enhanced.

[2017-11-11 18:31:43 #5 type] 
Type domain.Reserva is not enhanced.

[2017-11-11 18:31:43 #6 type] 
Type domain.RuralHouse is not enhanced.

------------------------------------------------------------------------------------------------------------------------

[2017-11-11 18:32:09 #1 store] 
Database 'C:\Users\Asier\Desktop\CasasRurales\WSRuralHouse-2017\resources\ruralHouses.odb' is opened by 15092@DESKTOP-P4LI5RO

[2017-11-11 18:32:09 #2 type] 
Type domain.User is not enhanced.

[2017-11-11 18:32:09 #3 type] 
Type twitter4j.TwitterProfile is not enhanced.

[2017-11-11 18:32:09 #4 type] 
Type domain.Offer is not enhanced.

[2017-11-11 18:32:09 #5 type] 
Type domain.Reserva is not enhanced.

[2017-11-11 18:32:09 #6 type] 
Type domain.RuralHouse is not enhanced.

------------------------------------------------------------------------------------------------------------------------

[2017-11-11 18:36:48 #1 store] 
Database 'C:\Users\Asier\Desktop\CasasRurales\WSRuralHouse-2017\resources\ruralHouses.odb' is opened by 8792@DESKTOP-P4LI5RO

[2017-11-11 18:36:48 #2 type] 
Type domain.User is not enhanced.

[2017-11-11 18:36:48 #3 type] 
Type twitter4j.TwitterProfile is not enhanced.

[2017-11-11 18:36:48 #4 type] 
Type domain.Offer is not enhanced.

[2017-11-11 18:36:48 #5 type] 
Type domain.Reserva is not enhanced.

[2017-11-11 18:36:48 #6 type] 
Type domain.RuralHouse is not enhanced.

------------------------------------------------------------------------------------------------------------------------

[2017-11-11 19:25:47 #1 store] 
Database '/Users/aitor/Desktop/EclipseWorkspace/WSRuralHouse-2017/resources\ruralHouses.odb' has been recovered (tr. 15-15)

[2017-11-11 19:25:52 #2 store] 
Database '/Users/aitor/Desktop/EclipseWorkspace/WSRuralHouse-2017/resources\ruralHouses.odb' is opened by 6035@MacBook-Pro-de-Aitor.local

[2017-11-11 19:25:52 #3 type] 
Type domain.User is not enhanced.

[2017-11-11 19:25:52 #4 type] 
Type twitter4j.TwitterProfile is not enhanced.

[2017-11-11 19:25:52 #5 type] 
Type domain.Offer is not enhanced.

[2017-11-11 19:25:52 #6 type] 
Type domain.Reserva is not enhanced.

[2017-11-11 19:25:52 #7 type] 
Type domain.RuralHouse is not enhanced.

[2017-11-11 19:25:52 #8 type] 
Type businessLogic.AlertRH is not enhanced.

------------------------------------------------------------------------------------------------------------------------

[2017-11-11 19:32:56 #1 store] 
Database '/Users/aitor/Desktop/EclipseWorkspace/WSRuralHouse-2017/resources\ruralHouses.odb' has been recovered (tr. 16-17)

[2017-11-11 19:33:01 #2 store] 
Database '/Users/aitor/Desktop/EclipseWorkspace/WSRuralHouse-2017/resources\ruralHouses.odb' is opened by 6039@MacBook-Pro-de-Aitor.local

[2017-11-11 19:33:01 #3 type] 
Type domain.User is not enhanced.

[2017-11-11 19:33:01 #4 type] 
Type twitter4j.TwitterProfile is not enhanced.

[2017-11-11 19:33:01 #5 type] 
Type domain.Offer is not enhanced.

[2017-11-11 19:33:01 #6 type] 
Type domain.Reserva is not enhanced.

[2017-11-11 19:33:01 #7 type] 
Type domain.RuralHouse is not enhanced.

[2017-11-11 19:33:01 #8 type] 
Type businessLogic.AlertRH is not enhanced.

------------------------------------------------------------------------------------------------------------------------

[2017-11-11 19:34:06 #1 store] 
Database '/Users/aitor/Desktop/EclipseWorkspace/WSRuralHouse-2017/resources\ruralHouses.odb' is opened by 6041@MacBook-Pro-de-Aitor.local

[2017-11-11 19:34:06 #2 type] 
Type domain.User is not enhanced.

[2017-11-11 19:34:06 #3 type] 
Type twitter4j.TwitterProfile is not enhanced.

[2017-11-11 19:34:06 #4 type] 
Type domain.Offer is not enhanced.

[2017-11-11 19:34:06 #5 type] 
Type domain.Reserva is not enhanced.

[2017-11-11 19:34:06 #6 type] 
Type domain.RuralHouse is not enhanced.

[2017-11-11 19:34:06 #7 type] 
Type businessLogic.AlertRH is not enhanced.

------------------------------------------------------------------------------------------------------------------------

[2017-11-11 19:35:17 #1 store] 
Database '/Users/aitor/Desktop/EclipseWorkspace/WSRuralHouse-2017/resources\ruralHouses.odb' is opened by 6047@MacBook-Pro-de-Aitor.local

[2017-11-11 19:35:17 #2 type] 
Type domain.User is not enhanced.

[2017-11-11 19:35:17 #3 type] 
Type twitter4j.TwitterProfile is not enhanced.

[2017-11-11 19:35:17 #4 type] 
Type domain.Offer is not enhanced.

[2017-11-11 19:35:17 #5 type] 
Type domain.Reserva is not enhanced.

[2017-11-11 19:35:17 #6 type] 
Type domain.RuralHouse is not enhanced.

[2017-11-11 19:35:17 #7 type] 
Type businessLogic.AlertRH is not enhanced.

------------------------------------------------------------------------------------------------------------------------

[2017-11-11 19:35:26 #1 store] 
Database '/Users/aitor/Desktop/EclipseWorkspace/WSRuralHouse-2017/resources\ruralHouses.odb' is opened by 6050@MacBook-Pro-de-Aitor.local

[2017-11-11 19:35:27 #2 type] 
Type domain.User is not enhanced.

[2017-11-11 19:35:27 #3 type] 
Type twitter4j.TwitterProfile is not enhanced.

[2017-11-11 19:35:27 #4 type] 
Type domain.Offer is not enhanced.

[2017-11-11 19:35:27 #5 type] 
Type domain.Reserva is not enhanced.

[2017-11-11 19:35:27 #6 type] 
Type domain.RuralHouse is not enhanced.

[2017-11-11 19:35:27 #7 type] 
Type businessLogic.AlertRH is not enhanced.

